<?xml version="1.0" encoding="UTF-8" ?>
<testsuite errors="0" failures="0" hostname="localhost" name="ShotTest" skipped="0" tests="6" time="4.337" timestamp="2021-05-19T10:51:01">
  <properties>
[...]
</properties>
  <testcase classname="ShotTest" name="testZeroRadius" time="0.374" />
  <testcase classname="ShotTest" name="testThirdQuarter" time="1.168" />
  <testcase classname="ShotTest" name="testFourthQuarter" time="0.273" />
  <testcase classname="ShotTest" name="testSecondQuarter" time="0.163" />
  <testcase classname="ShotTest" name="testNegativeRadius" time="0.014" />
  <testcase classname="ShotTest" name="testFirstQuarter" time="0.101" />
  <system-out><![CDATA[]]></system-out>
  <system-err><![CDATA[]]></system-err>
</testsuite>
